<?xml version="1.0" encoding="UTF-8"?>
<!-- Generated by org.testng.reporters.JUnitReportReporter -->
<testsuite hostname="LAPTOP-7EK5SHUC" failures="0" tests="1" name="basicFunctionality.Testing" time="16.303" errors="0" timestamp="10 Nov 2018 15:48:14 GMT">
  <testcase classname="basicFunctionality.Testing" name="LoginFunTest" time="16.303"/>
</testsuite> <!-- basicFunctionality.Testing -->
