<?xml version="1.0" encoding="UTF-8"?>
<!-- Generated by org.testng.reporters.JUnitReportReporter -->
<testsuite hostname="LAPTOP-7EK5SHUC" failures="0" tests="4" name="basicFunctionality.LoginFunctionalityTest" time="88.815" errors="0" timestamp="10 Nov 2018 14:26:40 GMT">
  <testcase classname="basicFunctionality.LoginFunctionalityTest" name="LoginFunTest_invalidData2" time="20.343"/>
  <testcase classname="basicFunctionality.LoginFunctionalityTest" name="LoginFunTest_invalidData" time="20.545"/>
  <testcase classname="basicFunctionality.LoginFunctionalityTest" name="LoginFunTest" time="23.859"/>
  <testcase classname="basicFunctionality.LoginFunctionalityTest" name="LoginFunTest_invalidData1" time="24.068"/>
</testsuite> <!-- basicFunctionality.LoginFunctionalityTest -->
