<?xml version="1.0" encoding="UTF-8"?>
<!-- Generated by org.testng.reporters.JUnitReportReporter -->
<testsuite hostname="LAPTOP-7EK5SHUC" failures="0" tests="1" name="Screenshot" time="47.698" errors="0" timestamp="12 Nov 2018 01:57:50 GMT">
  <testcase classname="Screenshot" name="TakingScreenshot" time="47.698"/>
</testsuite> <!-- Screenshot -->
